  main.cpp
C:\Users\nilsn\Projects\CPlusPlusBasicEngine\main.cpp(29,38): warning C4244: '=': conversion from 'Uint64' to 'int', possible loss of data
  Collision.cpp
C:\Users\nilsn\Projects\CPlusPlusBasicEngine\src\ECS\TileComponent.hpp(34,22): warning C4244: '=': conversion from 'int' to 'float', possible loss of data
  (compiling source file 'src/Collision.cpp')
  
C:\Users\nilsn\Projects\CPlusPlusBasicEngine\src\ECS\TileComponent.hpp(35,22): warning C4244: '=': conversion from 'int' to 'float', possible loss of data
  (compiling source file 'src/Collision.cpp')
  
C:\Users\nilsn\Projects\CPlusPlusBasicEngine\src\ECS\TileComponent.hpp(40,33): warning C4244: '=': conversion from 'float' to 'int', possible loss of data
  (compiling source file 'src/Collision.cpp')
  
C:\Users\nilsn\Projects\CPlusPlusBasicEngine\src\ECS\TileComponent.hpp(41,33): warning C4244: '=': conversion from 'float' to 'int', possible loss of data
  (compiling source file 'src/Collision.cpp')
  
  Game.cpp
C:\Users\nilsn\Projects\CPlusPlusBasicEngine\src\ECS\TileComponent.hpp(34,22): warning C4244: '=': conversion from 'int' to 'float', possible loss of data
  (compiling source file 'src/Game.cpp')
  
C:\Users\nilsn\Projects\CPlusPlusBasicEngine\src\ECS\TileComponent.hpp(35,22): warning C4244: '=': conversion from 'int' to 'float', possible loss of data
  (compiling source file 'src/Game.cpp')
  
C:\Users\nilsn\Projects\CPlusPlusBasicEngine\src\ECS\TileComponent.hpp(40,33): warning C4244: '=': conversion from 'float' to 'int', possible loss of data
  (compiling source file 'src/Game.cpp')
  
C:\Users\nilsn\Projects\CPlusPlusBasicEngine\src\ECS\TileComponent.hpp(41,33): warning C4244: '=': conversion from 'float' to 'int', possible loss of data
  (compiling source file 'src/Game.cpp')
  
C:\Users\nilsn\Projects\CPlusPlusBasicEngine\src\ECS\ECS.hpp(100,35): warning C4244: 'argument': conversion from '_Ty' to 'float', possible loss of data
C:\Users\nilsn\Projects\CPlusPlusBasicEngine\src\ECS\ECS.hpp(100,35): warning C4244:         with
C:\Users\nilsn\Projects\CPlusPlusBasicEngine\src\ECS\ECS.hpp(100,35): warning C4244:         [
C:\Users\nilsn\Projects\CPlusPlusBasicEngine\src\ECS\ECS.hpp(100,35): warning C4244:             _Ty=int
C:\Users\nilsn\Projects\CPlusPlusBasicEngine\src\ECS\ECS.hpp(100,35): warning C4244:         ]
  (compiling source file 'src/Game.cpp')
  C:\Users\nilsn\Projects\CPlusPlusBasicEngine\src\ECS\ECS.hpp(100,35):
  the template instantiation context (the oldest one first) is
  	C:\Users\nilsn\Projects\CPlusPlusBasicEngine\src\Game.cpp(77,11):
  	see reference to function template instantiation 'T &Entity::addComponent<TransformComponent,int,int,int,int,int>(int &&,int &&,int &&,int &&,int &&)' being compiled
          with
          [
              T=TransformComponent
          ]
  
  TextureManager.cpp
  TiledMap.cpp
  TiledMapManager.cpp
  Generating Code...
  UrsusEngine.vcxproj -> C:\Users\nilsn\Projects\CPlusPlusBasicEngine\x64\Debug\UrsusEngine.exe
